{"C:\\Users\\colac\\OneDrive\\Área de Trabalho\\João Victor\\projetos\\api_ia_web\\backend\\src\\app.js": {"path":"C:\\Users\\colac\\OneDrive\\Área de Trabalho\\João Victor\\projetos\\api_ia_web\\backend\\src\\app.js","statementMap":{"0":{"start":{"line":5,"column":11},"end":{"line":5,"column":21}},"1":{"start":{"line":6,"column":0},"end":{"line":6,"column":24}},"2":{"start":{"line":7,"column":0},"end":{"line":7,"column":32}},"3":{"start":{"line":8,"column":0},"end":{"line":8,"column":30}},"4":{"start":{"line":9,"column":0},"end":{"line":9,"column":29}},"5":{"start":{"line":10,"column":0},"end":{"line":14,"column":3}},"6":{"start":{"line":11,"column":4},"end":{"line":13,"column":7}}},"fnMap":{"0":{"name":"(anonymous_0)","decl":{"start":{"line":10,"column":8},"end":{"line":10,"column":9}},"loc":{"start":{"line":10,"column":19},"end":{"line":14,"column":1}},"line":10}},"branchMap":{},"s":{"0":4,"1":4,"2":4,"3":4,"4":4,"5":4,"6":1},"f":{"0":1},"b":{},"meta":{"lastBranch":0,"lastFunction":1,"lastStatement":7,"seen":{"s:5:11:5:21":0,"s:6:0:6:24":1,"s:7:0:7:32":2,"s:8:0:8:30":3,"s:9:0:9:29":4,"s:10:0:14:3":5,"f:10:8:10:9":0,"s:11:4:13:7":6}}}
,"C:\\Users\\colac\\OneDrive\\Área de Trabalho\\João Victor\\projetos\\api_ia_web\\backend\\src\\controllers\\aiController.js": {"path":"C:\\Users\\colac\\OneDrive\\Área de Trabalho\\João Victor\\projetos\\api_ia_web\\backend\\src\\controllers\\aiController.js","statementMap":{"0":{"start":{"line":3,"column":15},"end":{"line":18,"column":1}},"1":{"start":{"line":19,"column":0},"end":{"line":22,"column":3}},"2":{"start":{"line":25,"column":4},"end":{"line":38,"column":5}},"3":{"start":{"line":26,"column":22},"end":{"line":26,"column":32}},"4":{"start":{"line":27,"column":28},"end":{"line":27,"column":36}},"5":{"start":{"line":28,"column":23},"end":{"line":28,"column":59}},"6":{"start":{"line":29,"column":8},"end":{"line":32,"column":11}},"7":{"start":{"line":34,"column":8},"end":{"line":37,"column":10}}},"fnMap":{"0":{"name":"listAis","decl":{"start":{"line":2,"column":16},"end":{"line":2,"column":23}},"loc":{"start":{"line":2,"column":32},"end":{"line":23,"column":1}},"line":2},"1":{"name":"chatWithAi","decl":{"start":{"line":24,"column":22},"end":{"line":24,"column":32}},"loc":{"start":{"line":24,"column":41},"end":{"line":39,"column":null}},"line":24}},"branchMap":{"0":{"loc":{"start":{"line":34,"column":26},"end":{"line":34,"column":47}},"type":"binary-expr","locations":[{"start":{"line":34,"column":26},"end":{"line":34,"column":42}},{"start":{"line":34,"column":44},"end":{"line":34,"column":47}}],"line":34},"1":{"loc":{"start":{"line":36,"column":19},"end":{"line":36,"column":60}},"type":"binary-expr","locations":[{"start":{"line":36,"column":19},"end":{"line":36,"column":32}},{"start":{"line":36,"column":34},"end":{"line":36,"column":60}}],"line":36}},"s":{"0":1,"1":1,"2":2,"3":2,"4":2,"5":2,"6":0,"7":2},"f":{"0":1,"1":2},"b":{"0":[2,0],"1":[2,0]},"meta":{"lastBranch":2,"lastFunction":2,"lastStatement":8,"seen":{"f:2:16:2:23":0,"s:3:15:18:1":0,"s:19:0:22:3":1,"f:24:22:24:32":1,"s:25:4:38:5":2,"s:26:22:26:32":3,"s:27:28:27:36":4,"s:28:23:28:59":5,"s:29:8:32:11":6,"s:34:8:37:10":7,"b:34:26:34:42:34:44:34:47":0,"b:36:19:36:32:36:34:36:60":1}}}
,"C:\\Users\\colac\\OneDrive\\Área de Trabalho\\João Victor\\projetos\\api_ia_web\\backend\\src\\controllers\\authController.js": {"path":"C:\\Users\\colac\\OneDrive\\Área de Trabalho\\João Victor\\projetos\\api_ia_web\\backend\\src\\controllers\\authController.js","statementMap":{"0":{"start":{"line":7,"column":2},"end":{"line":26,"column":3}},"1":{"start":{"line":8,"column":38},"end":{"line":8,"column":46}},"2":{"start":{"line":10,"column":17},"end":{"line":14,"column":6}},"3":{"start":{"line":16,"column":4},"end":{"line":20,"column":7}},"4":{"start":{"line":22,"column":4},"end":{"line":25,"column":7}},"5":{"start":{"line":30,"column":2},"end":{"line":48,"column":3}},"6":{"start":{"line":31,"column":32},"end":{"line":31,"column":40}},"7":{"start":{"line":33,"column":19},"end":{"line":36,"column":6}},"8":{"start":{"line":38,"column":4},"end":{"line":42,"column":7}},"9":{"start":{"line":44,"column":4},"end":{"line":47,"column":7}}},"fnMap":{"0":{"name":"register","decl":{"start":{"line":6,"column":22},"end":{"line":6,"column":30}},"loc":{"start":{"line":6,"column":41},"end":{"line":27,"column":1}},"line":6},"1":{"name":"login","decl":{"start":{"line":29,"column":22},"end":{"line":29,"column":27}},"loc":{"start":{"line":29,"column":38},"end":{"line":49,"column":null}},"line":29}},"branchMap":{"0":{"loc":{"start":{"line":22,"column":22},"end":{"line":22,"column":45}},"type":"binary-expr","locations":[{"start":{"line":22,"column":22},"end":{"line":22,"column":38}},{"start":{"line":22,"column":42},"end":{"line":22,"column":45}}],"line":22},"1":{"loc":{"start":{"line":24,"column":13},"end":{"line":24,"column":56}},"type":"binary-expr","locations":[{"start":{"line":24,"column":13},"end":{"line":24,"column":26}},{"start":{"line":24,"column":30},"end":{"line":24,"column":56}}],"line":24},"2":{"loc":{"start":{"line":44,"column":22},"end":{"line":44,"column":45}},"type":"binary-expr","locations":[{"start":{"line":44,"column":22},"end":{"line":44,"column":38}},{"start":{"line":44,"column":42},"end":{"line":44,"column":45}}],"line":44},"3":{"loc":{"start":{"line":46,"column":13},"end":{"line":46,"column":56}},"type":"binary-expr","locations":[{"start":{"line":46,"column":13},"end":{"line":46,"column":26}},{"start":{"line":46,"column":30},"end":{"line":46,"column":56}}],"line":46}},"s":{"0":11,"1":11,"2":11,"3":5,"4":6,"5":5,"6":5,"7":5,"8":1,"9":4},"f":{"0":11,"1":5},"b":{"0":[6,0],"1":[6,0],"2":[4,0],"3":[4,0]},"meta":{"lastBranch":4,"lastFunction":2,"lastStatement":10,"seen":{"f:6:22:6:30":0,"s:7:2:26:3":0,"s:8:38:8:46":1,"s:10:17:14:6":2,"s:16:4:20:7":3,"s:22:4:25:7":4,"b:22:22:22:38:22:42:22:45":0,"b:24:13:24:26:24:30:24:56":1,"f:29:22:29:27":1,"s:30:2:48:3":5,"s:31:32:31:40":6,"s:33:19:36:6":7,"s:38:4:42:7":8,"s:44:4:47:7":9,"b:44:22:44:38:44:42:44:45":2,"b:46:13:46:26:46:30:46:56":3}}}
,"C:\\Users\\colac\\OneDrive\\Área de Trabalho\\João Victor\\projetos\\api_ia_web\\backend\\src\\controllers\\healthController.js": {"path":"C:\\Users\\colac\\OneDrive\\Área de Trabalho\\João Victor\\projetos\\api_ia_web\\backend\\src\\controllers\\healthController.js","statementMap":{"0":{"start":{"line":4,"column":2},"end":{"line":7,"column":5}},"1":{"start":{"line":11,"column":2},"end":{"line":25,"column":3}},"2":{"start":{"line":12,"column":25},"end":{"line":12,"column":55}},"3":{"start":{"line":14,"column":4},"end":{"line":18,"column":7}},"4":{"start":{"line":20,"column":4},"end":{"line":24,"column":7}}},"fnMap":{"0":{"name":"healthCheck","decl":{"start":{"line":3,"column":16},"end":{"line":3,"column":27}},"loc":{"start":{"line":3,"column":38},"end":{"line":8,"column":1}},"line":3},"1":{"name":"databaseHealthCheck","decl":{"start":{"line":10,"column":22},"end":{"line":10,"column":41}},"loc":{"start":{"line":10,"column":52},"end":{"line":26,"column":null}},"line":10}},"branchMap":{},"s":{"0":1,"1":1,"2":1,"3":1,"4":0},"f":{"0":1,"1":1},"b":{},"meta":{"lastBranch":0,"lastFunction":2,"lastStatement":5,"seen":{"f:3:16:3:27":0,"s:4:2:7:5":0,"f:10:22:10:41":1,"s:11:2:25:3":1,"s:12:25:12:55":2,"s:14:4:18:7":3,"s:20:4:24:7":4}}}
,"C:\\Users\\colac\\OneDrive\\Área de Trabalho\\João Victor\\projetos\\api_ia_web\\backend\\src\\database\\connection.js": {"path":"C:\\Users\\colac\\OneDrive\\Área de Trabalho\\João Victor\\projetos\\api_ia_web\\backend\\src\\database\\connection.js","statementMap":{"0":{"start":{"line":3,"column":0},"end":{"line":3,"column":16}},"1":{"start":{"line":4,"column":13},"end":{"line":4,"column":15}},"2":{"start":{"line":5,"column":0},"end":{"line":7,"column":1}},"3":{"start":{"line":6,"column":2},"end":{"line":6,"column":52}},"4":{"start":{"line":8,"column":19},"end":{"line":10,"column":2}},"5":{"start":{"line":12,"column":19},"end":{"line":12,"column":51}},"6":{"start":{"line":13,"column":4},"end":{"line":13,"column":26}}},"fnMap":{"0":{"name":"testDatabaseConnection","decl":{"start":{"line":11,"column":22},"end":{"line":11,"column":44}},"loc":{"start":{"line":11,"column":47},"end":{"line":14,"column":null}},"line":11}},"branchMap":{"0":{"loc":{"start":{"line":5,"column":0},"end":{"line":7,"column":1}},"type":"if","locations":[{"start":{"line":5,"column":0},"end":{"line":7,"column":1}},{"start":{},"end":{}}],"line":5}},"s":{"0":4,"1":4,"2":4,"3":0,"4":4,"5":1,"6":1},"f":{"0":1},"b":{"0":[0,4]},"meta":{"lastBranch":1,"lastFunction":1,"lastStatement":7,"seen":{"s:3:0:3:16":0,"s:4:13:4:15":1,"b:5:0:7:1:undefined:undefined:undefined:undefined":0,"s:5:0:7:1":2,"s:6:2:6:52":3,"s:8:19:10:2":4,"f:11:22:11:44":0,"s:12:19:12:51":5,"s:13:4:13:26":6}}}
,"C:\\Users\\colac\\OneDrive\\Área de Trabalho\\João Victor\\projetos\\api_ia_web\\backend\\src\\middlewares\\authMiddleware.js": {"path":"C:\\Users\\colac\\OneDrive\\Área de Trabalho\\João Victor\\projetos\\api_ia_web\\backend\\src\\middlewares\\authMiddleware.js","statementMap":{"0":{"start":{"line":4,"column":2},"end":{"line":6,"column":3}},"1":{"start":{"line":5,"column":4},"end":{"line":5,"column":16}},"2":{"start":{"line":8,"column":16},"end":{"line":8,"column":46}},"3":{"start":{"line":10,"column":2},"end":{"line":12,"column":3}},"4":{"start":{"line":11,"column":4},"end":{"line":11,"column":16}},"5":{"start":{"line":14,"column":26},"end":{"line":14,"column":31}},"6":{"start":{"line":16,"column":2},"end":{"line":18,"column":3}},"7":{"start":{"line":17,"column":4},"end":{"line":17,"column":16}},"8":{"start":{"line":20,"column":2},"end":{"line":20,"column":15}},"9":{"start":{"line":24,"column":2},"end":{"line":55,"column":3}},"10":{"start":{"line":25,"column":4},"end":{"line":30,"column":5}},"11":{"start":{"line":26,"column":6},"end":{"line":29,"column":9}},"12":{"start":{"line":32,"column":18},"end":{"line":32,"column":63}},"13":{"start":{"line":34,"column":4},"end":{"line":39,"column":5}},"14":{"start":{"line":35,"column":6},"end":{"line":38,"column":9}},"15":{"start":{"line":41,"column":25},"end":{"line":41,"column":66}},"16":{"start":{"line":43,"column":4},"end":{"line":47,"column":6}},"17":{"start":{"line":49,"column":4},"end":{"line":49,"column":18}},"18":{"start":{"line":51,"column":4},"end":{"line":54,"column":7}}},"fnMap":{"0":{"name":"getTokenFromHeader","decl":{"start":{"line":3,"column":9},"end":{"line":3,"column":27}},"loc":{"start":{"line":3,"column":49},"end":{"line":21,"column":1}},"line":3},"1":{"name":"authenticate","decl":{"start":{"line":23,"column":16},"end":{"line":23,"column":28}},"loc":{"start":{"line":23,"column":45},"end":{"line":56,"column":null}},"line":23}},"branchMap":{"0":{"loc":{"start":{"line":4,"column":2},"end":{"line":6,"column":3}},"type":"if","locations":[{"start":{"line":4,"column":2},"end":{"line":6,"column":3}},{"start":{},"end":{}}],"line":4},"1":{"loc":{"start":{"line":10,"column":2},"end":{"line":12,"column":3}},"type":"if","locations":[{"start":{"line":10,"column":2},"end":{"line":12,"column":3}},{"start":{},"end":{}}],"line":10},"2":{"loc":{"start":{"line":16,"column":2},"end":{"line":18,"column":3}},"type":"if","locations":[{"start":{"line":16,"column":2},"end":{"line":18,"column":3}},{"start":{},"end":{}}],"line":16},"3":{"loc":{"start":{"line":25,"column":4},"end":{"line":30,"column":5}},"type":"if","locations":[{"start":{"line":25,"column":4},"end":{"line":30,"column":5}},{"start":{},"end":{}}],"line":25},"4":{"loc":{"start":{"line":34,"column":4},"end":{"line":39,"column":5}},"type":"if","locations":[{"start":{"line":34,"column":4},"end":{"line":39,"column":5}},{"start":{},"end":{}}],"line":34}},"s":{"0":4,"1":1,"2":3,"3":3,"4":0,"5":3,"6":3,"7":0,"8":3,"9":4,"10":4,"11":0,"12":4,"13":4,"14":1,"15":3,"16":3,"17":3,"18":1},"f":{"0":4,"1":4},"b":{"0":[1,3],"1":[0,3],"2":[0,3],"3":[0,4],"4":[1,3]},"meta":{"lastBranch":5,"lastFunction":2,"lastStatement":19,"seen":{"f:3:9:3:27":0,"b:4:2:6:3:undefined:undefined:undefined:undefined":0,"s:4:2:6:3":0,"s:5:4:5:16":1,"s:8:16:8:46":2,"b:10:2:12:3:undefined:undefined:undefined:undefined":1,"s:10:2:12:3":3,"s:11:4:11:16":4,"s:14:26:14:31":5,"b:16:2:18:3:undefined:undefined:undefined:undefined":2,"s:16:2:18:3":6,"s:17:4:17:16":7,"s:20:2:20:15":8,"f:23:16:23:28":1,"s:24:2:55:3":9,"b:25:4:30:5:undefined:undefined:undefined:undefined":3,"s:25:4:30:5":10,"s:26:6:29:9":11,"s:32:18:32:63":12,"b:34:4:39:5:undefined:undefined:undefined:undefined":4,"s:34:4:39:5":13,"s:35:6:38:9":14,"s:41:25:41:66":15,"s:43:4:47:6":16,"s:49:4:49:18":17,"s:51:4:54:7":18}}}
,"C:\\Users\\colac\\OneDrive\\Área de Trabalho\\João Victor\\projetos\\api_ia_web\\backend\\src\\repositories\\userRepository.js": {"path":"C:\\Users\\colac\\OneDrive\\Área de Trabalho\\João Victor\\projetos\\api_ia_web\\backend\\src\\repositories\\userRepository.js","statementMap":{"0":{"start":{"line":4,"column":17},"end":{"line":7,"column":3}},"1":{"start":{"line":9,"column":2},"end":{"line":9,"column":24}},"2":{"start":{"line":13,"column":17},"end":{"line":16,"column":3}},"3":{"start":{"line":18,"column":2},"end":{"line":18,"column":24}},"4":{"start":{"line":22,"column":17},"end":{"line":29,"column":3}},"5":{"start":{"line":31,"column":2},"end":{"line":31,"column":24}}},"fnMap":{"0":{"name":"findUserByEmail","decl":{"start":{"line":3,"column":22},"end":{"line":3,"column":37}},"loc":{"start":{"line":3,"column":45},"end":{"line":10,"column":1}},"line":3},"1":{"name":"findUserByName","decl":{"start":{"line":12,"column":22},"end":{"line":12,"column":36}},"loc":{"start":{"line":12,"column":43},"end":{"line":19,"column":1}},"line":12},"2":{"name":"createUser","decl":{"start":{"line":21,"column":22},"end":{"line":21,"column":32}},"loc":{"start":{"line":21,"column":64},"end":{"line":32,"column":null}},"line":21}},"branchMap":{},"s":{"0":10,"1":10,"2":6,"3":6,"4":5,"5":5},"f":{"0":10,"1":6,"2":5},"b":{},"meta":{"lastBranch":0,"lastFunction":3,"lastStatement":6,"seen":{"f:3:22:3:37":0,"s:4:17:7:3":0,"s:9:2:9:24":1,"f:12:22:12:36":1,"s:13:17:16:3":2,"s:18:2:18:24":3,"f:21:22:21:32":2,"s:22:17:29:3":4,"s:31:2:31:24":5}}}
,"C:\\Users\\colac\\OneDrive\\Área de Trabalho\\João Victor\\projetos\\api_ia_web\\backend\\src\\routes\\aiRoutes.js": {"path":"C:\\Users\\colac\\OneDrive\\Área de Trabalho\\João Victor\\projetos\\api_ia_web\\backend\\src\\routes\\aiRoutes.js","statementMap":{"0":{"start":{"line":10,"column":15},"end":{"line":10,"column":31}},"1":{"start":{"line":12,"column":0},"end":{"line":12,"column":25}},"2":{"start":{"line":13,"column":0},"end":{"line":13,"column":53}}},"fnMap":{},"branchMap":{},"s":{"0":4,"1":4,"2":4},"f":{},"b":{},"meta":{"lastBranch":0,"lastFunction":0,"lastStatement":3,"seen":{"s:10:15:10:31":0,"s:12:0:12:25":1,"s:13:0:13:53":2}}}
,"C:\\Users\\colac\\OneDrive\\Área de Trabalho\\João Victor\\projetos\\api_ia_web\\backend\\src\\routes\\authRoutes.js": {"path":"C:\\Users\\colac\\OneDrive\\Área de Trabalho\\João Victor\\projetos\\api_ia_web\\backend\\src\\routes\\authRoutes.js","statementMap":{"0":{"start":{"line":3,"column":14},"end":{"line":3,"column":30}},"1":{"start":{"line":4,"column":0},"end":{"line":4,"column":35}},"2":{"start":{"line":5,"column":0},"end":{"line":5,"column":29}}},"fnMap":{},"branchMap":{},"s":{"0":4,"1":4,"2":4},"f":{},"b":{},"meta":{"lastBranch":0,"lastFunction":0,"lastStatement":3,"seen":{"s:3:14:3:30":0,"s:4:0:4:35":1,"s:5:0:5:29":2}}}
,"C:\\Users\\colac\\OneDrive\\Área de Trabalho\\João Victor\\projetos\\api_ia_web\\backend\\src\\routes\\healthRoutes.js": {"path":"C:\\Users\\colac\\OneDrive\\Área de Trabalho\\João Victor\\projetos\\api_ia_web\\backend\\src\\routes\\healthRoutes.js","statementMap":{"0":{"start":{"line":3,"column":15},"end":{"line":3,"column":31}},"1":{"start":{"line":4,"column":0},"end":{"line":4,"column":29}},"2":{"start":{"line":5,"column":0},"end":{"line":5,"column":38}}},"fnMap":{},"branchMap":{},"s":{"0":4,"1":4,"2":4},"f":{},"b":{},"meta":{"lastBranch":0,"lastFunction":0,"lastStatement":3,"seen":{"s:3:15:3:31":0,"s:4:0:4:29":1,"s:5:0:5:38":2}}}
,"C:\\Users\\colac\\OneDrive\\Área de Trabalho\\João Victor\\projetos\\api_ia_web\\backend\\src\\services\\aiService.js": {"path":"C:\\Users\\colac\\OneDrive\\Área de Trabalho\\João Victor\\projetos\\api_ia_web\\backend\\src\\services\\aiService.js","statementMap":{"0":{"start":{"line":4,"column":2},"end":{"line":11,"column":3}},"1":{"start":{"line":5,"column":18},"end":{"line":7,"column":5}},"2":{"start":{"line":9,"column":4},"end":{"line":9,"column":27}},"3":{"start":{"line":10,"column":4},"end":{"line":10,"column":16}},"4":{"start":{"line":15,"column":2},"end":{"line":15,"column":25}},"5":{"start":{"line":17,"column":2},"end":{"line":21,"column":5}},"6":{"start":{"line":25,"column":2},"end":{"line":27,"column":3}},"7":{"start":{"line":26,"column":4},"end":{"line":26,"column":25}},"8":{"start":{"line":29,"column":2},"end":{"line":31,"column":3}},"9":{"start":{"line":30,"column":4},"end":{"line":30,"column":28}},"10":{"start":{"line":33,"column":2},"end":{"line":48,"column":3}},"11":{"start":{"line":34,"column":4},"end":{"line":47,"column":14}},"12":{"start":{"line":36,"column":8},"end":{"line":38,"column":9}},"13":{"start":{"line":37,"column":10},"end":{"line":37,"column":22}},"14":{"start":{"line":40,"column":8},"end":{"line":42,"column":9}},"15":{"start":{"line":41,"column":10},"end":{"line":41,"column":27}},"16":{"start":{"line":44,"column":8},"end":{"line":44,"column":18}},"17":{"start":{"line":50,"column":2},"end":{"line":50,"column":77}},"18":{"start":{"line":54,"column":2},"end":{"line":58,"column":3}},"19":{"start":{"line":55,"column":18},"end":{"line":55,"column":79}},"20":{"start":{"line":56,"column":4},"end":{"line":56,"column":27}},"21":{"start":{"line":57,"column":4},"end":{"line":57,"column":16}},"22":{"start":{"line":60,"column":2},"end":{"line":64,"column":3}},"23":{"start":{"line":61,"column":18},"end":{"line":61,"column":54}},"24":{"start":{"line":62,"column":4},"end":{"line":62,"column":27}},"25":{"start":{"line":63,"column":4},"end":{"line":63,"column":16}},"26":{"start":{"line":66,"column":16},"end":{"line":66,"column":35}},"27":{"start":{"line":68,"column":19},"end":{"line":68,"column":46}},"28":{"start":{"line":70,"column":2},"end":{"line":73,"column":4}}},"fnMap":{"0":{"name":"validateGoogleApiKey","decl":{"start":{"line":3,"column":9},"end":{"line":3,"column":29}},"loc":{"start":{"line":3,"column":32},"end":{"line":12,"column":1}},"line":3},"1":{"name":"createGeminiModel","decl":{"start":{"line":14,"column":9},"end":{"line":14,"column":26}},"loc":{"start":{"line":14,"column":29},"end":{"line":22,"column":1}},"line":14},"2":{"name":"normalizeAiResponse","decl":{"start":{"line":24,"column":9},"end":{"line":24,"column":28}},"loc":{"start":{"line":24,"column":39},"end":{"line":51,"column":1}},"line":24},"3":{"name":"(anonymous_3)","decl":{"start":{"line":35,"column":11},"end":{"line":35,"column":12}},"loc":{"start":{"line":35,"column":21},"end":{"line":45,"column":7}},"line":35},"4":{"name":"sendMessageToAi","decl":{"start":{"line":53,"column":22},"end":{"line":53,"column":37}},"loc":{"start":{"line":53,"column":53},"end":{"line":74,"column":null}},"line":53}},"branchMap":{"0":{"loc":{"start":{"line":4,"column":2},"end":{"line":11,"column":3}},"type":"if","locations":[{"start":{"line":4,"column":2},"end":{"line":11,"column":3}},{"start":{},"end":{}}],"line":4},"1":{"loc":{"start":{"line":25,"column":2},"end":{"line":27,"column":3}},"type":"if","locations":[{"start":{"line":25,"column":2},"end":{"line":27,"column":3}},{"start":{},"end":{}}],"line":25},"2":{"loc":{"start":{"line":29,"column":2},"end":{"line":31,"column":3}},"type":"if","locations":[{"start":{"line":29,"column":2},"end":{"line":31,"column":3}},{"start":{},"end":{}}],"line":29},"3":{"loc":{"start":{"line":33,"column":2},"end":{"line":48,"column":3}},"type":"if","locations":[{"start":{"line":33,"column":2},"end":{"line":48,"column":3}},{"start":{},"end":{}}],"line":33},"4":{"loc":{"start":{"line":36,"column":8},"end":{"line":38,"column":9}},"type":"if","locations":[{"start":{"line":36,"column":8},"end":{"line":38,"column":9}},{"start":{},"end":{}}],"line":36},"5":{"loc":{"start":{"line":40,"column":8},"end":{"line":42,"column":9}},"type":"if","locations":[{"start":{"line":40,"column":8},"end":{"line":42,"column":9}},{"start":{},"end":{}}],"line":40},"6":{"loc":{"start":{"line":54,"column":2},"end":{"line":58,"column":3}},"type":"if","locations":[{"start":{"line":54,"column":2},"end":{"line":58,"column":3}},{"start":{},"end":{}}],"line":54},"7":{"loc":{"start":{"line":54,"column":6},"end":{"line":54,"column":45}},"type":"binary-expr","locations":[{"start":{"line":54,"column":6},"end":{"line":54,"column":14}},{"start":{"line":54,"column":18},"end":{"line":54,"column":45}}],"line":54},"8":{"loc":{"start":{"line":60,"column":2},"end":{"line":64,"column":3}},"type":"if","locations":[{"start":{"line":60,"column":2},"end":{"line":64,"column":3}},{"start":{},"end":{}}],"line":60}},"s":{"0":0,"1":0,"2":0,"3":0,"4":0,"5":0,"6":0,"7":0,"8":0,"9":0,"10":0,"11":0,"12":0,"13":0,"14":0,"15":0,"16":0,"17":0,"18":2,"19":1,"20":1,"21":1,"22":1,"23":1,"24":1,"25":1,"26":0,"27":0,"28":0},"f":{"0":0,"1":0,"2":0,"3":0,"4":2},"b":{"0":[0,0],"1":[0,0],"2":[0,0],"3":[0,0],"4":[0,0],"5":[0,0],"6":[1,1],"7":[2,1],"8":[1,0]},"meta":{"lastBranch":9,"lastFunction":5,"lastStatement":29,"seen":{"f:3:9:3:29":0,"b:4:2:11:3:undefined:undefined:undefined:undefined":0,"s:4:2:11:3":0,"s:5:18:7:5":1,"s:9:4:9:27":2,"s:10:4:10:16":3,"f:14:9:14:26":1,"s:15:2:15:25":4,"s:17:2:21:5":5,"f:24:9:24:28":2,"b:25:2:27:3:undefined:undefined:undefined:undefined":1,"s:25:2:27:3":6,"s:26:4:26:25":7,"b:29:2:31:3:undefined:undefined:undefined:undefined":2,"s:29:2:31:3":8,"s:30:4:30:28":9,"b:33:2:48:3:undefined:undefined:undefined:undefined":3,"s:33:2:48:3":10,"s:34:4:47:14":11,"f:35:11:35:12":3,"b:36:8:38:9:undefined:undefined:undefined:undefined":4,"s:36:8:38:9":12,"s:37:10:37:22":13,"b:40:8:42:9:undefined:undefined:undefined:undefined":5,"s:40:8:42:9":14,"s:41:10:41:27":15,"s:44:8:44:18":16,"s:50:2:50:77":17,"f:53:22:53:37":4,"b:54:2:58:3:undefined:undefined:undefined:undefined":6,"s:54:2:58:3":18,"b:54:6:54:14:54:18:54:45":7,"s:55:18:55:79":19,"s:56:4:56:27":20,"s:57:4:57:16":21,"b:60:2:64:3:undefined:undefined:undefined:undefined":8,"s:60:2:64:3":22,"s:61:18:61:54":23,"s:62:4:62:27":24,"s:63:4:63:16":25,"s:66:16:66:35":26,"s:68:19:68:46":27,"s:70:2:73:4":28}}}
,"C:\\Users\\colac\\OneDrive\\Área de Trabalho\\João Victor\\projetos\\api_ia_web\\backend\\src\\services\\authService.js": {"path":"C:\\Users\\colac\\OneDrive\\Área de Trabalho\\João Victor\\projetos\\api_ia_web\\backend\\src\\services\\authService.js","statementMap":{"0":{"start":{"line":10,"column":20},"end":{"line":10,"column":22}},"1":{"start":{"line":13,"column":2},"end":{"line":17,"column":3}},"2":{"start":{"line":14,"column":18},"end":{"line":14,"column":50}},"3":{"start":{"line":15,"column":4},"end":{"line":15,"column":27}},"4":{"start":{"line":16,"column":4},"end":{"line":16,"column":16}},"5":{"start":{"line":19,"column":2},"end":{"line":23,"column":3}},"6":{"start":{"line":20,"column":18},"end":{"line":20,"column":51}},"7":{"start":{"line":21,"column":4},"end":{"line":21,"column":27}},"8":{"start":{"line":22,"column":4},"end":{"line":22,"column":16}},"9":{"start":{"line":25,"column":2},"end":{"line":29,"column":3}},"10":{"start":{"line":26,"column":18},"end":{"line":26,"column":51}},"11":{"start":{"line":27,"column":4},"end":{"line":27,"column":27}},"12":{"start":{"line":28,"column":4},"end":{"line":28,"column":16}},"13":{"start":{"line":31,"column":2},"end":{"line":35,"column":3}},"14":{"start":{"line":32,"column":18},"end":{"line":32,"column":75}},"15":{"start":{"line":33,"column":4},"end":{"line":33,"column":27}},"16":{"start":{"line":34,"column":4},"end":{"line":34,"column":16}},"17":{"start":{"line":39,"column":2},"end":{"line":43,"column":3}},"18":{"start":{"line":40,"column":18},"end":{"line":40,"column":51}},"19":{"start":{"line":41,"column":4},"end":{"line":41,"column":27}},"20":{"start":{"line":42,"column":4},"end":{"line":42,"column":16}},"21":{"start":{"line":45,"column":2},"end":{"line":49,"column":3}},"22":{"start":{"line":46,"column":18},"end":{"line":46,"column":51}},"23":{"start":{"line":47,"column":4},"end":{"line":47,"column":27}},"24":{"start":{"line":48,"column":4},"end":{"line":48,"column":16}},"25":{"start":{"line":53,"column":2},"end":{"line":59,"column":3}},"26":{"start":{"line":54,"column":18},"end":{"line":56,"column":5}},"27":{"start":{"line":57,"column":4},"end":{"line":57,"column":27}},"28":{"start":{"line":58,"column":4},"end":{"line":58,"column":16}},"29":{"start":{"line":63,"column":2},"end":{"line":63,"column":22}},"30":{"start":{"line":65,"column":2},"end":{"line":75,"column":4}},"31":{"start":{"line":79,"column":2},"end":{"line":83,"column":4}},"32":{"start":{"line":87,"column":2},"end":{"line":87,"column":50}},"33":{"start":{"line":89,"column":25},"end":{"line":89,"column":36}},"34":{"start":{"line":90,"column":26},"end":{"line":90,"column":52}},"35":{"start":{"line":92,"column":28},"end":{"line":92,"column":66}},"36":{"start":{"line":94,"column":2},"end":{"line":98,"column":3}},"37":{"start":{"line":95,"column":18},"end":{"line":95,"column":67}},"38":{"start":{"line":96,"column":4},"end":{"line":96,"column":27}},"39":{"start":{"line":97,"column":4},"end":{"line":97,"column":16}},"40":{"start":{"line":100,"column":27},"end":{"line":100,"column":63}},"41":{"start":{"line":102,"column":2},"end":{"line":106,"column":3}},"42":{"start":{"line":103,"column":18},"end":{"line":103,"column":66}},"43":{"start":{"line":104,"column":4},"end":{"line":104,"column":27}},"44":{"start":{"line":105,"column":4},"end":{"line":105,"column":16}},"45":{"start":{"line":108,"column":23},"end":{"line":108,"column":63}},"46":{"start":{"line":110,"column":15},"end":{"line":114,"column":4}},"47":{"start":{"line":116,"column":2},"end":{"line":116,"column":14}},"48":{"start":{"line":120,"column":2},"end":{"line":120,"column":41}},"49":{"start":{"line":122,"column":26},"end":{"line":122,"column":52}},"50":{"start":{"line":124,"column":15},"end":{"line":124,"column":53}},"51":{"start":{"line":126,"column":2},"end":{"line":130,"column":3}},"52":{"start":{"line":127,"column":18},"end":{"line":127,"column":56}},"53":{"start":{"line":128,"column":4},"end":{"line":128,"column":27}},"54":{"start":{"line":129,"column":4},"end":{"line":129,"column":16}},"55":{"start":{"line":132,"column":26},"end":{"line":135,"column":3}},"56":{"start":{"line":137,"column":2},"end":{"line":141,"column":3}},"57":{"start":{"line":138,"column":18},"end":{"line":138,"column":56}},"58":{"start":{"line":139,"column":4},"end":{"line":139,"column":27}},"59":{"start":{"line":140,"column":4},"end":{"line":140,"column":16}},"60":{"start":{"line":143,"column":16},"end":{"line":143,"column":35}},"61":{"start":{"line":145,"column":2},"end":{"line":148,"column":4}}},"fnMap":{"0":{"name":"validateRegisterData","decl":{"start":{"line":12,"column":9},"end":{"line":12,"column":29}},"loc":{"start":{"line":12,"column":57},"end":{"line":36,"column":1}},"line":12},"1":{"name":"validateLoginData","decl":{"start":{"line":38,"column":9},"end":{"line":38,"column":26}},"loc":{"start":{"line":38,"column":48},"end":{"line":50,"column":1}},"line":38},"2":{"name":"validateJwtConfig","decl":{"start":{"line":52,"column":9},"end":{"line":52,"column":26}},"loc":{"start":{"line":52,"column":29},"end":{"line":60,"column":1}},"line":52},"3":{"name":"generateToken","decl":{"start":{"line":62,"column":9},"end":{"line":62,"column":22}},"loc":{"start":{"line":62,"column":29},"end":{"line":76,"column":1}},"line":62},"4":{"name":"sanitizeUser","decl":{"start":{"line":78,"column":9},"end":{"line":78,"column":21}},"loc":{"start":{"line":78,"column":28},"end":{"line":84,"column":1}},"line":78},"5":{"name":"registerUser","decl":{"start":{"line":86,"column":22},"end":{"line":86,"column":34}},"loc":{"start":{"line":86,"column":62},"end":{"line":117,"column":1}},"line":86},"6":{"name":"loginUser","decl":{"start":{"line":119,"column":22},"end":{"line":119,"column":31}},"loc":{"start":{"line":119,"column":53},"end":{"line":149,"column":null}},"line":119}},"branchMap":{"0":{"loc":{"start":{"line":13,"column":2},"end":{"line":17,"column":3}},"type":"if","locations":[{"start":{"line":13,"column":2},"end":{"line":17,"column":3}},{"start":{},"end":{}}],"line":13},"1":{"loc":{"start":{"line":13,"column":6},"end":{"line":13,"column":39}},"type":"binary-expr","locations":[{"start":{"line":13,"column":6},"end":{"line":13,"column":11}},{"start":{"line":13,"column":15},"end":{"line":13,"column":39}}],"line":13},"2":{"loc":{"start":{"line":19,"column":2},"end":{"line":23,"column":3}},"type":"if","locations":[{"start":{"line":19,"column":2},"end":{"line":23,"column":3}},{"start":{},"end":{}}],"line":19},"3":{"loc":{"start":{"line":19,"column":6},"end":{"line":19,"column":41}},"type":"binary-expr","locations":[{"start":{"line":19,"column":6},"end":{"line":19,"column":12}},{"start":{"line":19,"column":16},"end":{"line":19,"column":41}}],"line":19},"4":{"loc":{"start":{"line":25,"column":2},"end":{"line":29,"column":3}},"type":"if","locations":[{"start":{"line":25,"column":2},"end":{"line":29,"column":3}},{"start":{},"end":{}}],"line":25},"5":{"loc":{"start":{"line":25,"column":6},"end":{"line":25,"column":47}},"type":"binary-expr","locations":[{"start":{"line":25,"column":6},"end":{"line":25,"column":15}},{"start":{"line":25,"column":19},"end":{"line":25,"column":47}}],"line":25},"6":{"loc":{"start":{"line":31,"column":2},"end":{"line":35,"column":3}},"type":"if","locations":[{"start":{"line":31,"column":2},"end":{"line":35,"column":3}},{"start":{},"end":{}}],"line":31},"7":{"loc":{"start":{"line":39,"column":2},"end":{"line":43,"column":3}},"type":"if","locations":[{"start":{"line":39,"column":2},"end":{"line":43,"column":3}},{"start":{},"end":{}}],"line":39},"8":{"loc":{"start":{"line":39,"column":6},"end":{"line":39,"column":41}},"type":"binary-expr","locations":[{"start":{"line":39,"column":6},"end":{"line":39,"column":12}},{"start":{"line":39,"column":16},"end":{"line":39,"column":41}}],"line":39},"9":{"loc":{"start":{"line":45,"column":2},"end":{"line":49,"column":3}},"type":"if","locations":[{"start":{"line":45,"column":2},"end":{"line":49,"column":3}},{"start":{},"end":{}}],"line":45},"10":{"loc":{"start":{"line":45,"column":6},"end":{"line":45,"column":47}},"type":"binary-expr","locations":[{"start":{"line":45,"column":6},"end":{"line":45,"column":15}},{"start":{"line":45,"column":19},"end":{"line":45,"column":47}}],"line":45},"11":{"loc":{"start":{"line":53,"column":2},"end":{"line":59,"column":3}},"type":"if","locations":[{"start":{"line":53,"column":2},"end":{"line":59,"column":3}},{"start":{},"end":{}}],"line":53},"12":{"loc":{"start":{"line":73,"column":17},"end":{"line":73,"column":51}},"type":"binary-expr","locations":[{"start":{"line":73,"column":17},"end":{"line":73,"column":43}},{"start":{"line":73,"column":47},"end":{"line":73,"column":51}}],"line":73},"13":{"loc":{"start":{"line":94,"column":2},"end":{"line":98,"column":3}},"type":"if","locations":[{"start":{"line":94,"column":2},"end":{"line":98,"column":3}},{"start":{},"end":{}}],"line":94},"14":{"loc":{"start":{"line":102,"column":2},"end":{"line":106,"column":3}},"type":"if","locations":[{"start":{"line":102,"column":2},"end":{"line":106,"column":3}},{"start":{},"end":{}}],"line":102},"15":{"loc":{"start":{"line":126,"column":2},"end":{"line":130,"column":3}},"type":"if","locations":[{"start":{"line":126,"column":2},"end":{"line":130,"column":3}},{"start":{},"end":{}}],"line":126},"16":{"loc":{"start":{"line":137,"column":2},"end":{"line":141,"column":3}},"type":"if","locations":[{"start":{"line":137,"column":2},"end":{"line":141,"column":3}},{"start":{},"end":{}}],"line":137}},"s":{"0":4,"1":11,"2":1,"3":1,"4":1,"5":10,"6":1,"7":1,"8":1,"9":9,"10":1,"11":1,"12":1,"13":8,"14":1,"15":1,"16":1,"17":5,"18":1,"19":1,"20":1,"21":4,"22":1,"23":1,"24":1,"25":1,"26":0,"27":0,"28":0,"29":1,"30":1,"31":1,"32":11,"33":11,"34":11,"35":11,"36":7,"37":1,"38":1,"39":1,"40":6,"41":6,"42":1,"43":1,"44":1,"45":5,"46":5,"47":5,"48":5,"49":5,"50":5,"51":3,"52":1,"53":1,"54":1,"55":2,"56":2,"57":1,"58":1,"59":1,"60":1,"61":1},"f":{"0":11,"1":5,"2":1,"3":1,"4":1,"5":11,"6":5},"b":{"0":[1,10],"1":[11,10],"2":[1,9],"3":[10,9],"4":[1,8],"5":[9,8],"6":[1,7],"7":[1,4],"8":[5,4],"9":[1,3],"10":[4,3],"11":[0,1],"12":[1,0],"13":[1,6],"14":[1,5],"15":[1,2],"16":[1,1]},"meta":{"lastBranch":17,"lastFunction":7,"lastStatement":62,"seen":{"s:10:20:10:22":0,"f:12:9:12:29":0,"b:13:2:17:3:undefined:undefined:undefined:undefined":0,"s:13:2:17:3":1,"b:13:6:13:11:13:15:13:39":1,"s:14:18:14:50":2,"s:15:4:15:27":3,"s:16:4:16:16":4,"b:19:2:23:3:undefined:undefined:undefined:undefined":2,"s:19:2:23:3":5,"b:19:6:19:12:19:16:19:41":3,"s:20:18:20:51":6,"s:21:4:21:27":7,"s:22:4:22:16":8,"b:25:2:29:3:undefined:undefined:undefined:undefined":4,"s:25:2:29:3":9,"b:25:6:25:15:25:19:25:47":5,"s:26:18:26:51":10,"s:27:4:27:27":11,"s:28:4:28:16":12,"b:31:2:35:3:undefined:undefined:undefined:undefined":6,"s:31:2:35:3":13,"s:32:18:32:75":14,"s:33:4:33:27":15,"s:34:4:34:16":16,"f:38:9:38:26":1,"b:39:2:43:3:undefined:undefined:undefined:undefined":7,"s:39:2:43:3":17,"b:39:6:39:12:39:16:39:41":8,"s:40:18:40:51":18,"s:41:4:41:27":19,"s:42:4:42:16":20,"b:45:2:49:3:undefined:undefined:undefined:undefined":9,"s:45:2:49:3":21,"b:45:6:45:15:45:19:45:47":10,"s:46:18:46:51":22,"s:47:4:47:27":23,"s:48:4:48:16":24,"f:52:9:52:26":2,"b:53:2:59:3:undefined:undefined:undefined:undefined":11,"s:53:2:59:3":25,"s:54:18:56:5":26,"s:57:4:57:27":27,"s:58:4:58:16":28,"f:62:9:62:22":3,"s:63:2:63:22":29,"s:65:2:75:4":30,"b:73:17:73:43:73:47:73:51":12,"f:78:9:78:21":4,"s:79:2:83:4":31,"f:86:22:86:34":5,"s:87:2:87:50":32,"s:89:25:89:36":33,"s:90:26:90:52":34,"s:92:28:92:66":35,"b:94:2:98:3:undefined:undefined:undefined:undefined":13,"s:94:2:98:3":36,"s:95:18:95:67":37,"s:96:4:96:27":38,"s:97:4:97:16":39,"s:100:27:100:63":40,"b:102:2:106:3:undefined:undefined:undefined:undefined":14,"s:102:2:106:3":41,"s:103:18:103:66":42,"s:104:4:104:27":43,"s:105:4:105:16":44,"s:108:23:108:63":45,"s:110:15:114:4":46,"s:116:2:116:14":47,"f:119:22:119:31":6,"s:120:2:120:41":48,"s:122:26:122:52":49,"s:124:15:124:53":50,"b:126:2:130:3:undefined:undefined:undefined:undefined":15,"s:126:2:130:3":51,"s:127:18:127:56":52,"s:128:4:128:27":53,"s:129:4:129:16":54,"s:132:26:135:3":55,"b:137:2:141:3:undefined:undefined:undefined:undefined":16,"s:137:2:141:3":56,"s:138:18:138:56":57,"s:139:4:139:27":58,"s:140:4:140:16":59,"s:143:16:143:35":60,"s:145:2:148:4":61}}}
}
